# JRE version: OpenJDK Runtime Environment (8.0_152-b01) (build 1.8.0_152-release-1248-b01)
# Java VM: OpenJDK 64-Bit Server VM (25.152-b01 mixed mode linux-amd64 compressed oops)
Heap:
 PSYoungGen      total 404480K, used 356535K [0x00000000e0000000, 0x00000000ff600000, 0x0000000100000000)
  eden space 306176K, 100% used [0x00000000e0000000,0x00000000f2b00000,0x00000000f2b00000)
  from space 98304K, 51% used [0x00000000f9600000,0x00000000fc72de70,0x00000000ff600000)
  to   space 103936K, 12% used [0x00000000f2b00000,0x00000000f38177e8,0x00000000f9080000)
 ParOldGen       total 290304K, used 177422K [0x00000000a0000000, 0x00000000b1b80000, 0x00000000e0000000)
  object space 290304K, 61% used [0x00000000a0000000,0x00000000aad43bd8,0x00000000b1b80000)
 Metaspace       used 121931K, capacity 126826K, committed 126924K, reserved 1161216K
  class space    used 15067K, capacity 16078K, committed 16128K, reserved 1048576K
GC Heap History (10 events):
Event: 282.566 GC heap after
Heap after GC invocations=23 (full 5):
 PSYoungGen      total 396288K, used 0K [0x00000000e0000000, 0x00000000ffc80000, 0x0000000100000000)
  eden space 290304K, 0% used [0x00000000e0000000,0x00000000e0000000,0x00000000f1b80000)
  from space 105984K, 0% used [0x00000000f9500000,0x00000000f9500000,0x00000000ffc80000)
  to   space 115200K, 0% used [0x00000000f1b80000,0x00000000f1b80000,0x00000000f8c00000)
 ParOldGen       total 290304K, used 59535K [0x00000000a0000000, 0x00000000b1b80000, 0x00000000e0000000)
  object space 290304K, 20% used [0x00000000a0000000,0x00000000a3a23d70,0x00000000b1b80000)
 Metaspace       used 94851K, capacity 98288K, committed 98380K, reserved 1134592K
  class space    used 11887K, capacity 12672K, committed 12672K, reserved 1048576K
}
Event: 286.877 GC heap before
{Heap before GC invocations=24 (full 5):
 PSYoungGen      total 396288K, used 290304K [0x00000000e0000000, 0x00000000ffc80000, 0x0000000100000000)
  eden space 290304K, 100% used [0x00000000e0000000,0x00000000f1b80000,0x00000000f1b80000)
  from space 105984K, 0% used [0x00000000f9500000,0x00000000f9500000,0x00000000ffc80000)
  to   space 115200K, 0% used [0x00000000f1b80000,0x00000000f1b80000,0x00000000f8c00000)
 ParOldGen       total 290304K, used 59535K [0x00000000a0000000, 0x00000000b1b80000, 0x00000000e0000000)
  object space 290304K, 20% used [0x00000000a0000000,0x00000000a3a23d70,0x00000000b1b80000)
 Metaspace       used 106183K, capacity 110008K, committed 110284K, reserved 1144832K
  class space    used 13181K, capacity 14045K, committed 14080K, reserved 1048576K
Event: 286.911 GC heap after
Heap after GC invocations=24 (full 5):
 PSYoungGen      total 405504K, used 54534K [0x00000000e0000000, 0x0000000100000000, 0x0000000100000000)
  eden space 290304K, 0% used [0x00000000e0000000,0x00000000e0000000,0x00000000f1b80000)
  from space 115200K, 47% used [0x00000000f1b80000,0x00000000f50c1aa8,0x00000000f8c00000)
  to   space 111104K, 0% used [0x00000000f9380000,0x00000000f9380000,0x0000000100000000)
 ParOldGen       total 290304K, used 59543K [0x00000000a0000000, 0x00000000b1b80000, 0x00000000e0000000)
  object space 290304K, 20% used [0x00000000a0000000,0x00000000a3a25d70,0x00000000b1b80000)
 Metaspace       used 106183K, capacity 110008K, committed 110284K, reserved 1144832K
  class space    used 13181K, capacity 14045K, committed 14080K, reserved 1048576K
}
Event: 393.302 GC heap before
{Heap before GC invocations=25 (full 5):
 PSYoungGen      total 405504K, used 344838K [0x00000000e0000000, 0x0000000100000000, 0x0000000100000000)
  eden space 290304K, 100% used [0x00000000e0000000,0x00000000f1b80000,0x00000000f1b80000)
  from space 115200K, 47% used [0x00000000f1b80000,0x00000000f50c1aa8,0x00000000f8c00000)
  to   space 111104K, 0% used [0x00000000f9380000,0x00000000f9380000,0x0000000100000000)
 ParOldGen       total 290304K, used 59543K [0x00000000a0000000, 0x00000000b1b80000, 0x00000000e0000000)
  object space 290304K, 20% used [0x00000000a0000000,0x00000000a3a25d70,0x00000000b1b80000)
 Metaspace       used 108541K, capacity 112502K, committed 112716K, reserved 1148928K
  class space    used 13338K, capacity 14202K, committed 14208K, reserved 1048576K
Event: 393.346 GC heap after
Heap after GC invocations=25 (full 5):
 PSYoungGen      total 401920K, used 19733K [0x00000000e0000000, 0x00000000ff900000, 0x0000000100000000)
  eden space 297984K, 0% used [0x00000000e0000000,0x00000000e0000000,0x00000000f2300000)
  from space 103936K, 18% used [0x00000000f9380000,0x00000000fa6c5628,0x00000000ff900000)
  to   space 109568K, 0% used [0x00000000f2300000,0x00000000f2300000,0x00000000f8e00000)
 ParOldGen       total 290304K, used 104562K [0x00000000a0000000, 0x00000000b1b80000, 0x00000000e0000000)
  object space 290304K, 36% used [0x00000000a0000000,0x00000000a661cad0,0x00000000b1b80000)
 Metaspace       used 108541K, capacity 112502K, committed 112716K, reserved 1148928K
  class space    used 13338K, capacity 14202K, committed 14208K, reserved 1048576K
}
Event: 394.914 GC heap before
{Heap before GC invocations=26 (full 5):
 PSYoungGen      total 401920K, used 317717K [0x00000000e0000000, 0x00000000ff900000, 0x0000000100000000)
  eden space 297984K, 100% used [0x00000000e0000000,0x00000000f2300000,0x00000000f2300000)
  from space 103936K, 18% used [0x00000000f9380000,0x00000000fa6c5628,0x00000000ff900000)
  to   space 109568K, 0% used [0x00000000f2300000,0x00000000f2300000,0x00000000f8e00000)
 ParOldGen       total 290304K, used 104562K [0x00000000a0000000, 0x00000000b1b80000, 0x00000000e0000000)
  object space 290304K, 36% used [0x00000000a0000000,0x00000000a661cad0,0x00000000b1b80000)
 Metaspace       used 118367K, capacity 122604K, committed 122828K, reserved 1157120K
  class space    used 14630K, capacity 15557K, committed 15616K, reserved 1048576K
Event: 394.956 GC heap after
Heap after GC invocations=26 (full 5):
 PSYoungGen      total 407552K, used 59657K [0x00000000e0000000, 0x0000000100000000, 0x0000000100000000)
  eden space 297984K, 0% used [0x00000000e0000000,0x00000000e0000000,0x00000000f2300000)
  from space 109568K, 54% used [0x00000000f2300000,0x00000000f5d42678,0x00000000f8e00000)
  to   space 108544K, 0% used [0x00000000f9600000,0x00000000f9600000,0x0000000100000000)
 ParOldGen       total 290304K, used 115245K [0x00000000a0000000, 0x00000000b1b80000, 0x00000000e0000000)
  object space 290304K, 39% used [0x00000000a0000000,0x00000000a708b628,0x00000000b1b80000)
 Metaspace       used 118367K, capacity 122604K, committed 122828K, reserved 1157120K
  class space    used 14630K, capacity 15557K, committed 15616K, reserved 1048576K
}
Event: 395.882 GC heap before
{Heap before GC invocations=27 (full 5):
 PSYoungGen      total 407552K, used 357641K [0x00000000e0000000, 0x0000000100000000, 0x0000000100000000)
  eden space 297984K, 100% used [0x00000000e0000000,0x00000000f2300000,0x00000000f2300000)
  from space 109568K, 54% used [0x00000000f2300000,0x00000000f5d42678,0x00000000f8e00000)
  to   space 108544K, 0% used [0x00000000f9600000,0x00000000f9600000,0x0000000100000000)
 ParOldGen       total 290304K, used 115245K [0x00000000a0000000, 0x00000000b1b80000, 0x00000000e0000000)
  object space 290304K, 39% used [0x00000000a0000000,0x00000000a708b628,0x00000000b1b80000)
 Metaspace       used 120228K, capacity 124862K, committed 124876K, reserved 1159168K
  class space    used 14874K, capacity 15858K, committed 15872K, reserved 1048576K
Event: 395.932 GC heap after
Heap after GC invocations=27 (full 5):
 PSYoungGen      total 404480K, used 50359K [0x00000000e0000000, 0x00000000ff600000, 0x0000000100000000)
  eden space 306176K, 0% used [0x00000000e0000000,0x00000000e0000000,0x00000000f2b00000)
  from space 98304K, 51% used [0x00000000f9600000,0x00000000fc72de70,0x00000000ff600000)
  to   space 103936K, 0% used [0x00000000f2b00000,0x00000000f2b00000,0x00000000f9080000)
 ParOldGen       total 290304K, used 158673K [0x00000000a0000000, 0x00000000b1b80000, 0x00000000e0000000)
  object space 290304K, 54% used [0x00000000a0000000,0x00000000a9af4480,0x00000000b1b80000)
 Metaspace       used 120228K, capacity 124862K, committed 124876K, reserved 1159168K
  class space    used 14874K, capacity 15858K, committed 15872K, reserved 1048576K
}
Event: 2248.578 GC heap before
{Heap before GC invocations=28 (full 5):
 PSYoungGen      total 404480K, used 356535K [0x00000000e0000000, 0x00000000ff600000, 0x0000000100000000)
  eden space 306176K, 100% used [0x00000000e0000000,0x00000000f2b00000,0x00000000f2b00000)
  from space 98304K, 51% used [0x00000000f9600000,0x00000000fc72de70,0x00000000ff600000)
  to   space 103936K, 0% used [0x00000000f2b00000,0x00000000f2b00000,0x00000000f9080000)
 ParOldGen       total 290304K, used 158673K [0x00000000a0000000, 0x00000000b1b80000, 0x00000000e0000000)
  object space 290304K, 54% used [0x00000000a0000000,0x00000000a9af4480,0x00000000b1b80000)
 Metaspace       used 121931K, capacity 126826K, committed 126924K, reserved 1161216K
  class space    used 15067K, capacity 16078K, committed 16128K, reserved 1048576K

