# JRE version: OpenJDK Runtime Environment (8.0_152-b01) (build 1.8.0_152-release-1248-b01)
# Java VM: OpenJDK 64-Bit Server VM (25.152-b01 mixed mode linux-amd64 compressed oops)
Heap:
 PSYoungGen      total 332800K, used 15545K [0x00000000e0000000, 0x00000000f7980000, 0x0000000100000000)
  eden space 302592K, 0% used [0x00000000e0000000,0x00000000e0000000,0x00000000f2780000)
  from space 30208K, 51% used [0x00000000f5c00000,0x00000000f6b2e7d8,0x00000000f7980000)
  to   space 41984K, 0% used [0x00000000f2780000,0x00000000f2780000,0x00000000f5080000)
 ParOldGen       total 185856K, used 68730K [0x00000000a0000000, 0x00000000ab580000, 0x00000000e0000000)
  object space 185856K, 36% used [0x00000000a0000000,0x00000000a431eb68,0x00000000ab580000)
 Metaspace       used 94356K, capacity 98439K, committed 98600K, reserved 1134592K
  class space    used 12044K, capacity 12835K, committed 12848K, reserved 1048576K
GC Heap History (10 events):
Event: 301.747 GC heap after
Heap after GC invocations=15 (full 3):
 PSYoungGen      total 315392K, used 32244K [0x00000000e0000000, 0x00000000f6b00000, 0x0000000100000000)
  eden space 283136K, 0% used [0x00000000e0000000,0x00000000e0000000,0x00000000f1480000)
  from space 32256K, 99% used [0x00000000f3a80000,0x00000000f59fd148,0x00000000f5a00000)
  to   space 38912K, 0% used [0x00000000f1480000,0x00000000f1480000,0x00000000f3a80000)
 ParOldGen       total 185856K, used 51931K [0x00000000a0000000, 0x00000000ab580000, 0x00000000e0000000)
  object space 185856K, 27% used [0x00000000a0000000,0x00000000a32b6f30,0x00000000ab580000)
 Metaspace       used 86860K, capacity 90199K, committed 90288K, reserved 1128448K
  class space    used 11212K, capacity 11885K, committed 11952K, reserved 1048576K
}
Event: 303.402 GC heap before
{Heap before GC invocations=16 (full 3):
 PSYoungGen      total 315392K, used 315212K [0x00000000e0000000, 0x00000000f6b00000, 0x0000000100000000)
  eden space 283136K, 99% used [0x00000000e0000000,0x00000000f1456220,0x00000000f1480000)
  from space 32256K, 99% used [0x00000000f3a80000,0x00000000f59fd148,0x00000000f5a00000)
  to   space 38912K, 0% used [0x00000000f1480000,0x00000000f1480000,0x00000000f3a80000)
 ParOldGen       total 185856K, used 51931K [0x00000000a0000000, 0x00000000ab580000, 0x00000000e0000000)
  object space 185856K, 27% used [0x00000000a0000000,0x00000000a32b6f30,0x00000000ab580000)
 Metaspace       used 89585K, capacity 93057K, committed 93232K, reserved 1130496K
  class space    used 11503K, capacity 12218K, committed 12336K, reserved 1048576K
Event: 303.430 GC heap after
Heap after GC invocations=16 (full 3):
 PSYoungGen      total 322048K, used 27642K [0x00000000e0000000, 0x00000000f9500000, 0x0000000100000000)
  eden space 283136K, 0% used [0x00000000e0000000,0x00000000e0000000,0x00000000f1480000)
  from space 38912K, 71% used [0x00000000f1480000,0x00000000f2f7e808,0x00000000f3a80000)
  to   space 40448K, 0% used [0x00000000f6d80000,0x00000000f6d80000,0x00000000f9500000)
 ParOldGen       total 185856K, used 68698K [0x00000000a0000000, 0x00000000ab580000, 0x00000000e0000000)
  object space 185856K, 36% used [0x00000000a0000000,0x00000000a4316b68,0x00000000ab580000)
 Metaspace       used 89585K, capacity 93057K, committed 93232K, reserved 1130496K
  class space    used 11503K, capacity 12218K, committed 12336K, reserved 1048576K
}
Event: 400.943 GC heap before
{Heap before GC invocations=17 (full 3):
 PSYoungGen      total 322048K, used 310778K [0x00000000e0000000, 0x00000000f9500000, 0x0000000100000000)
  eden space 283136K, 100% used [0x00000000e0000000,0x00000000f1480000,0x00000000f1480000)
  from space 38912K, 71% used [0x00000000f1480000,0x00000000f2f7e808,0x00000000f3a80000)
  to   space 40448K, 0% used [0x00000000f6d80000,0x00000000f6d80000,0x00000000f9500000)
 ParOldGen       total 185856K, used 68698K [0x00000000a0000000, 0x00000000ab580000, 0x00000000e0000000)
  object space 185856K, 36% used [0x00000000a0000000,0x00000000a4316b68,0x00000000ab580000)
 Metaspace       used 91963K, capacity 95801K, committed 95920K, reserved 1132544K
  class space    used 11875K, capacity 12636K, committed 12720K, reserved 1048576K
Event: 400.973 GC heap after
Heap after GC invocations=17 (full 3):
 PSYoungGen      total 356864K, used 26182K [0x00000000e0000000, 0x00000000f8d00000, 0x0000000100000000)
  eden space 324608K, 0% used [0x00000000e0000000,0x00000000e0000000,0x00000000f3d00000)
  from space 32256K, 81% used [0x00000000f6d80000,0x00000000f8711978,0x00000000f8d00000)
  to   space 40960K, 0% used [0x00000000f3d00000,0x00000000f3d00000,0x00000000f6500000)
 ParOldGen       total 185856K, used 68714K [0x00000000a0000000, 0x00000000ab580000, 0x00000000e0000000)
  object space 185856K, 36% used [0x00000000a0000000,0x00000000a431ab68,0x00000000ab580000)
 Metaspace       used 91963K, capacity 95801K, committed 95920K, reserved 1132544K
  class space    used 11875K, capacity 12636K, committed 12720K, reserved 1048576K
}
Event: 663.127 GC heap before
{Heap before GC invocations=18 (full 3):
 PSYoungGen      total 356864K, used 350790K [0x00000000e0000000, 0x00000000f8d00000, 0x0000000100000000)
  eden space 324608K, 100% used [0x00000000e0000000,0x00000000f3d00000,0x00000000f3d00000)
  from space 32256K, 81% used [0x00000000f6d80000,0x00000000f8711978,0x00000000f8d00000)
  to   space 40960K, 0% used [0x00000000f3d00000,0x00000000f3d00000,0x00000000f6500000)
 ParOldGen       total 185856K, used 68714K [0x00000000a0000000, 0x00000000ab580000, 0x00000000e0000000)
  object space 185856K, 36% used [0x00000000a0000000,0x00000000a431ab68,0x00000000ab580000)
 Metaspace       used 93322K, capacity 97273K, committed 97584K, reserved 1134592K
  class space    used 11966K, capacity 12744K, committed 12848K, reserved 1048576K
Event: 663.150 GC heap after
Heap after GC invocations=18 (full 3):
 PSYoungGen      total 344576K, used 31014K [0x00000000e0000000, 0x00000000f8600000, 0x0000000100000000)
  eden space 313344K, 0% used [0x00000000e0000000,0x00000000e0000000,0x00000000f3200000)
  from space 31232K, 99% used [0x00000000f3d00000,0x00000000f5b49a48,0x00000000f5b80000)
  to   space 43008K, 0% used [0x00000000f5c00000,0x00000000f5c00000,0x00000000f8600000)
 ParOldGen       total 185856K, used 68722K [0x00000000a0000000, 0x00000000ab580000, 0x00000000e0000000)
  object space 185856K, 36% used [0x00000000a0000000,0x00000000a431cb68,0x00000000ab580000)
 Metaspace       used 93322K, capacity 97273K, committed 97584K, reserved 1134592K
  class space    used 11966K, capacity 12744K, committed 12848K, reserved 1048576K
}
Event: 2232.167 GC heap before
{Heap before GC invocations=19 (full 3):
 PSYoungGen      total 344576K, used 274256K [0x00000000e0000000, 0x00000000f8600000, 0x0000000100000000)
  eden space 313344K, 77% used [0x00000000e0000000,0x00000000eed8a768,0x00000000f3200000)
  from space 31232K, 99% used [0x00000000f3d00000,0x00000000f5b49a48,0x00000000f5b80000)
  to   space 43008K, 0% used [0x00000000f5c00000,0x00000000f5c00000,0x00000000f8600000)
 ParOldGen       total 185856K, used 68722K [0x00000000a0000000, 0x00000000ab580000, 0x00000000e0000000)
  object space 185856K, 36% used [0x00000000a0000000,0x00000000a431cb68,0x00000000ab580000)
 Metaspace       used 94356K, capacity 98439K, committed 98600K, reserved 1134592K
  class space    used 12044K, capacity 12835K, committed 12848K, reserved 1048576K
Event: 2232.192 GC heap after
Heap after GC invocations=19 (full 3):
 PSYoungGen      total 332800K, used 15545K [0x00000000e0000000, 0x00000000f7980000, 0x0000000100000000)
  eden space 302592K, 0% used [0x00000000e0000000,0x00000000e0000000,0x00000000f2780000)
  from space 30208K, 51% used [0x00000000f5c00000,0x00000000f6b2e7d8,0x00000000f7980000)
  to   space 41984K, 0% used [0x00000000f2780000,0x00000000f2780000,0x00000000f5080000)
 ParOldGen       total 185856K, used 68730K [0x00000000a0000000, 0x00000000ab580000, 0x00000000e0000000)
  object space 185856K, 36% used [0x00000000a0000000,0x00000000a431eb68,0x00000000ab580000)
 Metaspace       used 94356K, capacity 98439K, committed 98600K, reserved 1134592K
  class space    used 12044K, capacity 12835K, committed 12848K, reserved 1048576K
}
Event: 2232.192 GC heap before
{Heap before GC invocations=20 (full 4):
 PSYoungGen      total 332800K, used 15545K [0x00000000e0000000, 0x00000000f7980000, 0x0000000100000000)
  eden space 302592K, 0% used [0x00000000e0000000,0x00000000e0000000,0x00000000f2780000)
  from space 30208K, 51% used [0x00000000f5c00000,0x00000000f6b2e7d8,0x00000000f7980000)
  to   space 41984K, 0% used [0x00000000f2780000,0x00000000f2780000,0x00000000f5080000)
 ParOldGen       total 185856K, used 68730K [0x00000000a0000000, 0x00000000ab580000, 0x00000000e0000000)
  object space 185856K, 36% used [0x00000000a0000000,0x00000000a431eb68,0x00000000ab580000)
 Metaspace       used 94356K, capacity 98439K, committed 98600K, reserved 1134592K
  class space    used 12044K, capacity 12835K, committed 12848K, reserved 1048576K

