# JRE version: OpenJDK Runtime Environment (8.0_152-b01) (build 1.8.0_152-release-1248-b01)
# Java VM: OpenJDK 64-Bit Server VM (25.152-b01 mixed mode linux-amd64 compressed oops)
Heap:
 PSYoungGen      total 463360K, used 460960K [0x00000000e0000000, 0x0000000100000000, 0x0000000100000000)
  eden space 413696K, 99% used [0x00000000e0000000,0x00000000f93d7d00,0x00000000f9400000)
  from space 49664K, 95% used [0x00000000fcc80000,0x00000000ffad04b8,0x00000000ffd00000)
  to   space 55296K, 20% used [0x00000000f9400000,0x00000000f9ed36e0,0x00000000fca00000)
 ParOldGen       total 326656K, used 84284K [0x00000000a0000000, 0x00000000b3f00000, 0x00000000e0000000)
  object space 326656K, 25% used [0x00000000a0000000,0x00000000a524f198,0x00000000b3f00000)
 Metaspace       used 103587K, capacity 108330K, committed 108592K, reserved 1144832K
  class space    used 13124K, capacity 14054K, committed 14128K, reserved 1048576K
GC Heap History (10 events):
Event: 196.417 GC heap after
Heap after GC invocations=18 (full 3):
 PSYoungGen      total 443392K, used 34090K [0x00000000e0000000, 0x00000000ffe80000, 0x0000000100000000)
  eden space 390656K, 0% used [0x00000000e0000000,0x00000000e0000000,0x00000000f7d80000)
  from space 52736K, 64% used [0x00000000f7d80000,0x00000000f9eca850,0x00000000fb100000)
  to   space 53248K, 0% used [0x00000000fca80000,0x00000000fca80000,0x00000000ffe80000)
 ParOldGen       total 227328K, used 93451K [0x00000000a0000000, 0x00000000ade00000, 0x00000000e0000000)
  object space 227328K, 41% used [0x00000000a0000000,0x00000000a5b42ce8,0x00000000ade00000)
 Metaspace       used 92897K, capacity 96707K, committed 96816K, reserved 1132544K
  class space    used 11915K, capacity 12744K, committed 12848K, reserved 1048576K
}
Event: 196.676 GC heap before
{Heap before GC invocations=19 (full 3):
 PSYoungGen      total 443392K, used 424186K [0x00000000e0000000, 0x00000000ffe80000, 0x0000000100000000)
  eden space 390656K, 99% used [0x00000000e0000000,0x00000000f7cf41d8,0x00000000f7d80000)
  from space 52736K, 64% used [0x00000000f7d80000,0x00000000f9eca850,0x00000000fb100000)
  to   space 53248K, 0% used [0x00000000fca80000,0x00000000fca80000,0x00000000ffe80000)
 ParOldGen       total 227328K, used 93451K [0x00000000a0000000, 0x00000000ade00000, 0x00000000e0000000)
  object space 227328K, 41% used [0x00000000a0000000,0x00000000a5b42ce8,0x00000000ade00000)
 Metaspace       used 92942K, capacity 96711K, committed 96816K, reserved 1132544K
  class space    used 11915K, capacity 12744K, committed 12848K, reserved 1048576K
Event: 196.695 GC heap after
Heap after GC invocations=19 (full 3):
 PSYoungGen      total 469504K, used 27872K [0x00000000e0000000, 0x00000000ffc80000, 0x0000000100000000)
  eden space 418304K, 0% used [0x00000000e0000000,0x00000000e0000000,0x00000000f9880000)
  from space 51200K, 54% used [0x00000000fca80000,0x00000000fe5b8158,0x00000000ffc80000)
  to   space 51200K, 0% used [0x00000000f9880000,0x00000000f9880000,0x00000000fca80000)
 ParOldGen       total 227328K, used 93459K [0x00000000a0000000, 0x00000000ade00000, 0x00000000e0000000)
  object space 227328K, 41% used [0x00000000a0000000,0x00000000a5b44ce8,0x00000000ade00000)
 Metaspace       used 92942K, capacity 96711K, committed 96816K, reserved 1132544K
  class space    used 11915K, capacity 12744K, committed 12848K, reserved 1048576K
}
Event: 197.815 GC heap before
{Heap before GC invocations=20 (full 3):
 PSYoungGen      total 469504K, used 306736K [0x00000000e0000000, 0x00000000ffc80000, 0x0000000100000000)
  eden space 418304K, 66% used [0x00000000e0000000,0x00000000f1054190,0x00000000f9880000)
  from space 51200K, 54% used [0x00000000fca80000,0x00000000fe5b8158,0x00000000ffc80000)
  to   space 51200K, 0% used [0x00000000f9880000,0x00000000f9880000,0x00000000fca80000)
 ParOldGen       total 227328K, used 93459K [0x00000000a0000000, 0x00000000ade00000, 0x00000000e0000000)
  object space 227328K, 41% used [0x00000000a0000000,0x00000000a5b44ce8,0x00000000ade00000)
 Metaspace       used 94463K, capacity 98516K, committed 98600K, reserved 1134592K
  class space    used 12050K, capacity 12892K, committed 12976K, reserved 1048576K
Event: 197.837 GC heap after
Heap after GC invocations=20 (full 3):
 PSYoungGen      total 469504K, used 20787K [0x00000000e0000000, 0x00000000ffd00000, 0x0000000100000000)
  eden space 418304K, 0% used [0x00000000e0000000,0x00000000e0000000,0x00000000f9880000)
  from space 51200K, 40% used [0x00000000f9880000,0x00000000facccd38,0x00000000fca80000)
  to   space 49664K, 0% used [0x00000000fcc80000,0x00000000fcc80000,0x00000000ffd00000)
 ParOldGen       total 227328K, used 108158K [0x00000000a0000000, 0x00000000ade00000, 0x00000000e0000000)
  object space 227328K, 47% used [0x00000000a0000000,0x00000000a699fb58,0x00000000ade00000)
 Metaspace       used 94463K, capacity 98516K, committed 98600K, reserved 1134592K
  class space    used 12050K, capacity 12892K, committed 12976K, reserved 1048576K
}
Event: 197.837 GC heap before
{Heap before GC invocations=21 (full 4):
 PSYoungGen      total 469504K, used 20787K [0x00000000e0000000, 0x00000000ffd00000, 0x0000000100000000)
  eden space 418304K, 0% used [0x00000000e0000000,0x00000000e0000000,0x00000000f9880000)
  from space 51200K, 40% used [0x00000000f9880000,0x00000000facccd38,0x00000000fca80000)
  to   space 49664K, 0% used [0x00000000fcc80000,0x00000000fcc80000,0x00000000ffd00000)
 ParOldGen       total 227328K, used 108158K [0x00000000a0000000, 0x00000000ade00000, 0x00000000e0000000)
  object space 227328K, 47% used [0x00000000a0000000,0x00000000a699fb58,0x00000000ade00000)
 Metaspace       used 94463K, capacity 98516K, committed 98600K, reserved 1134592K
  class space    used 12050K, capacity 12892K, committed 12976K, reserved 1048576K
Event: 198.049 GC heap after
Heap after GC invocations=21 (full 4):
 PSYoungGen      total 469504K, used 0K [0x00000000e0000000, 0x00000000ffd00000, 0x0000000100000000)
  eden space 418304K, 0% used [0x00000000e0000000,0x00000000e0000000,0x00000000f9880000)
  from space 51200K, 0% used [0x00000000f9880000,0x00000000f9880000,0x00000000fca80000)
  to   space 49664K, 0% used [0x00000000fcc80000,0x00000000fcc80000,0x00000000ffd00000)
 ParOldGen       total 326656K, used 84276K [0x00000000a0000000, 0x00000000b3f00000, 0x00000000e0000000)
  object space 326656K, 25% used [0x00000000a0000000,0x00000000a524d198,0x00000000b3f00000)
 Metaspace       used 94418K, capacity 98402K, committed 98600K, reserved 1134592K
  class space    used 12041K, capacity 12880K, committed 12976K, reserved 1048576K
}
Event: 200.586 GC heap before
{Heap before GC invocations=22 (full 4):
 PSYoungGen      total 469504K, used 418304K [0x00000000e0000000, 0x00000000ffd00000, 0x0000000100000000)
  eden space 418304K, 100% used [0x00000000e0000000,0x00000000f9880000,0x00000000f9880000)
  from space 51200K, 0% used [0x00000000f9880000,0x00000000f9880000,0x00000000fca80000)
  to   space 49664K, 0% used [0x00000000fcc80000,0x00000000fcc80000,0x00000000ffd00000)
 ParOldGen       total 326656K, used 84276K [0x00000000a0000000, 0x00000000b3f00000, 0x00000000e0000000)
  object space 326656K, 25% used [0x00000000a0000000,0x00000000a524d198,0x00000000b3f00000)
 Metaspace       used 101806K, capacity 106290K, committed 106544K, reserved 1142784K
  class space    used 12958K, capacity 13854K, committed 13872K, reserved 1048576K
Event: 200.619 GC heap after
Heap after GC invocations=22 (full 4):
 PSYoungGen      total 463360K, used 47425K [0x00000000e0000000, 0x0000000100000000, 0x0000000100000000)
  eden space 413696K, 0% used [0x00000000e0000000,0x00000000e0000000,0x00000000f9400000)
  from space 49664K, 95% used [0x00000000fcc80000,0x00000000ffad04b8,0x00000000ffd00000)
  to   space 55296K, 0% used [0x00000000f9400000,0x00000000f9400000,0x00000000fca00000)
 ParOldGen       total 326656K, used 84284K [0x00000000a0000000, 0x00000000b3f00000, 0x00000000e0000000)
  object space 326656K, 25% used [0x00000000a0000000,0x00000000a524f198,0x00000000b3f00000)
 Metaspace       used 101806K, capacity 106290K, committed 106544K, reserved 1142784K
  class space    used 12958K, capacity 13854K, committed 13872K, reserved 1048576K
}
Event: 201.926 GC heap before
{Heap before GC invocations=23 (full 4):
 PSYoungGen      total 463360K, used 460960K [0x00000000e0000000, 0x0000000100000000, 0x0000000100000000)
  eden space 413696K, 99% used [0x00000000e0000000,0x00000000f93d7d00,0x00000000f9400000)
  from space 49664K, 95% used [0x00000000fcc80000,0x00000000ffad04b8,0x00000000ffd00000)
  to   space 55296K, 0% used [0x00000000f9400000,0x00000000f9400000,0x00000000fca00000)
 ParOldGen       total 326656K, used 84284K [0x00000000a0000000, 0x00000000b3f00000, 0x00000000e0000000)
  object space 326656K, 25% used [0x00000000a0000000,0x00000000a524f198,0x00000000b3f00000)
 Metaspace       used 103587K, capacity 108330K, committed 108592K, reserved 1144832K
  class space    used 13124K, capacity 14054K, committed 14128K, reserved 1048576K

